<?xml version="1.0" encoding="UTF-8"?>
<!-- Generated by org.testng.reporters.JUnitXMLReporter -->
<testsuite hostname="DESKTOP-H84OQQP" ignored="0" name="Default test" tests="3" failures="0" timestamp="18 Jun 2019 19:37:58 GMT" time="29.378" errors="0">
  <testcase name="doLogin" time="2.915" classname="com.syntax.testcases.LoginPageTest"/>
  <testcase name="loginToOrangeHRM" time="2.991" classname="com.syntax.testcases.LoginPageTest"/>
  <testcase name="negativeLogin" time="1.944" classname="com.syntax.testcases.LoginPageTest"/>
</testsuite> <!-- Default test -->
