<?xml version="1.0" encoding="UTF-8"?>
<!-- Generated by org.testng.reporters.JUnitXMLReporter -->
<testsuite hostname="DESKTOP-H84OQQP" ignored="0" name="Test" tests="3" failures="0" timestamp="18 Jun 2019 19:47:30 GMT" time="28.511" errors="0">
  <testcase name="doLogin" time="3.657" classname="com.syntax.testcases.LoginPageTest"/>
  <testcase name="loginToOrangeHRM" time="2.832" classname="com.syntax.testcases.LoginPageTest"/>
  <testcase name="negativeLogin" time="1.685" classname="com.syntax.testcases.LoginPageTest"/>
</testsuite> <!-- Test -->
